{"/Users/liadzigdon/Documents/Projects/clock-hash/src/App.jsx": {"path":"/Users/liadzigdon/Documents/Projects/clock-hash/src/App.jsx","statementMap":{"0":{"start":{"line":9,"column":34},"end":{"line":9,"column":null}},"1":{"start":{"line":10,"column":22},"end":{"line":10,"column":null}},"2":{"start":{"line":11,"column":24},"end":{"line":11,"column":null}},"3":{"start":{"line":13,"column":2},"end":{"line":16,"column":null}},"4":{"start":{"line":14,"column":21},"end":{"line":14,"column":null}},"5":{"start":{"line":14,"column":39},"end":{"line":14,"column":62}},"6":{"start":{"line":14,"column":54},"end":{"line":14,"column":59}},"7":{"start":{"line":15,"column":4},"end":{"line":15,"column":null}},"8":{"start":{"line":15,"column":17},"end":{"line":15,"column":null}},"9":{"start":{"line":18,"column":2},"end":{"line":18,"column":null}},"10":{"start":{"line":19,"column":18},"end":{"line":19,"column":null}},"11":{"start":{"line":20,"column":15},"end":{"line":20,"column":null}},"12":{"start":{"line":21,"column":16},"end":{"line":21,"column":null}},"13":{"start":{"line":22,"column":20},"end":{"line":22,"column":null}},"14":{"start":{"line":25,"column":4},"end":{"line":25,"column":null}},"15":{"start":{"line":25,"column":29},"end":{"line":25,"column":57}},"16":{"start":{"line":28,"column":2},"end":{"line":50,"column":null}},"17":{"start":{"line":55,"column":2},"end":{"line":57,"column":null}},"18":{"start":{"line":56,"column":4},"end":{"line":56,"column":null}},"19":{"start":{"line":58,"column":2},"end":{"line":58,"column":null}},"20":{"start":{"line":62,"column":14},"end":{"line":62,"column":null}},"21":{"start":{"line":63,"column":12},"end":{"line":63,"column":null}},"22":{"start":{"line":64,"column":12},"end":{"line":64,"column":null}},"23":{"start":{"line":65,"column":12},"end":{"line":65,"column":null}},"24":{"start":{"line":66,"column":2},"end":{"line":66,"column":null}},"25":{"start":{"line":70,"column":14},"end":{"line":70,"column":null}},"26":{"start":{"line":71,"column":2},"end":{"line":73,"column":null}},"27":{"start":{"line":72,"column":4},"end":{"line":72,"column":null}},"28":{"start":{"line":74,"column":2},"end":{"line":74,"column":null}},"29":{"start":{"line":78,"column":12},"end":{"line":78,"column":null}},"30":{"start":{"line":79,"column":12},"end":{"line":79,"column":null}},"31":{"start":{"line":80,"column":12},"end":{"line":80,"column":null}},"32":{"start":{"line":81,"column":2},"end":{"line":81,"column":null}}},"fnMap":{"0":{"name":"App","decl":{"start":{"line":8,"column":9},"end":{"line":8,"column":15}},"loc":{"start":{"line":8,"column":15},"end":{"line":52,"column":null}},"line":8},"1":{"name":"(anonymous_1)","decl":{"start":{"line":13,"column":12},"end":{"line":13,"column":18}},"loc":{"start":{"line":13,"column":18},"end":{"line":16,"column":5}},"line":13},"2":{"name":"(anonymous_2)","decl":{"start":{"line":14,"column":33},"end":{"line":14,"column":39}},"loc":{"start":{"line":14,"column":39},"end":{"line":14,"column":62}},"line":14},"3":{"name":"(anonymous_3)","decl":{"start":{"line":14,"column":47},"end":{"line":14,"column":48}},"loc":{"start":{"line":14,"column":54},"end":{"line":14,"column":59}},"line":14},"4":{"name":"(anonymous_4)","decl":{"start":{"line":15,"column":11},"end":{"line":15,"column":17}},"loc":{"start":{"line":15,"column":17},"end":{"line":15,"column":null}},"line":15},"5":{"name":"handleSelectZone","decl":{"start":{"line":24,"column":11},"end":{"line":24,"column":28}},"loc":{"start":{"line":24,"column":34},"end":{"line":26,"column":null}},"line":24},"6":{"name":"(anonymous_6)","decl":{"start":{"line":25,"column":18},"end":{"line":25,"column":19}},"loc":{"start":{"line":25,"column":29},"end":{"line":25,"column":57}},"line":25},"7":{"name":"getDisplayTime","decl":{"start":{"line":54,"column":9},"end":{"line":54,"column":24}},"loc":{"start":{"line":54,"column":30},"end":{"line":59,"column":null}},"line":54},"8":{"name":"getLocalTime","decl":{"start":{"line":61,"column":9},"end":{"line":61,"column":24}},"loc":{"start":{"line":61,"column":24},"end":{"line":67,"column":null}},"line":61},"9":{"name":"timeToColor","decl":{"start":{"line":69,"column":9},"end":{"line":69,"column":21}},"loc":{"start":{"line":69,"column":27},"end":{"line":75,"column":null}},"line":69},"10":{"name":"getLightness","decl":{"start":{"line":77,"column":9},"end":{"line":77,"column":22}},"loc":{"start":{"line":77,"column":27},"end":{"line":82,"column":null}},"line":77}},"branchMap":{"0":{"loc":{"start":{"line":20,"column":15},"end":{"line":20,"column":null}},"type":"cond-expr","locations":[{"start":{"line":20,"column":23},"end":{"line":20,"column":33}},{"start":{"line":20,"column":23},"end":{"line":20,"column":null}}],"line":20},"1":{"loc":{"start":{"line":25,"column":29},"end":{"line":25,"column":57}},"type":"cond-expr","locations":[{"start":{"line":25,"column":45},"end":{"line":25,"column":52}},{"start":{"line":25,"column":52},"end":{"line":25,"column":57}}],"line":25},"2":{"loc":{"start":{"line":31,"column":13},"end":{"line":31,"column":null}},"type":"cond-expr","locations":[{"start":{"line":31,"column":31},"end":{"line":31,"column":40}},{"start":{"line":31,"column":40},"end":{"line":31,"column":null}}],"line":31},"3":{"loc":{"start":{"line":55,"column":2},"end":{"line":57,"column":null}},"type":"if","locations":[{"start":{"line":55,"column":2},"end":{"line":57,"column":null}},{"start":{},"end":{}}],"line":55},"4":{"loc":{"start":{"line":71,"column":2},"end":{"line":73,"column":null}},"type":"if","locations":[{"start":{"line":71,"column":2},"end":{"line":73,"column":null}},{"start":{},"end":{}}],"line":71}},"s":{"0":23,"1":23,"2":23,"3":23,"4":14,"5":0,"6":0,"7":14,"8":14,"9":23,"10":23,"11":23,"12":23,"13":23,"14":5,"15":5,"16":23,"17":23,"18":5,"19":18,"20":18,"21":18,"22":18,"23":18,"24":18,"25":23,"26":23,"27":23,"28":0,"29":23,"30":23,"31":23,"32":23},"f":{"0":23,"1":14,"2":0,"3":0,"4":14,"5":5,"6":5,"7":23,"8":18,"9":23,"10":23},"b":{"0":[19,4],"1":[1,4],"2":[0,23],"3":[5,18],"4":[23,0]},"meta":{"lastBranch":5,"lastFunction":11,"lastStatement":33,"seen":{"f:8:9:8:15":0,"s:9:34:9:Infinity":0,"s:10:22:10:Infinity":1,"s:11:24:11:Infinity":2,"s:13:2:16:Infinity":3,"f:13:12:13:18":1,"s:14:21:14:Infinity":4,"f:14:33:14:39":2,"s:14:39:14:62":5,"f:14:47:14:48":3,"s:14:54:14:59":6,"s:15:4:15:Infinity":7,"f:15:11:15:17":4,"s:15:17:15:Infinity":8,"s:18:2:18:Infinity":9,"s:19:18:19:Infinity":10,"s:20:15:20:Infinity":11,"b:20:23:20:33:20:23:20:Infinity":0,"s:21:16:21:Infinity":12,"s:22:20:22:Infinity":13,"f:24:11:24:28":5,"s:25:4:25:Infinity":14,"f:25:18:25:19":6,"s:25:29:25:57":15,"b:25:45:25:52:25:52:25:57":1,"s:28:2:50:Infinity":16,"b:31:31:31:40:31:40:31:Infinity":2,"f:54:9:54:24":7,"b:55:2:57:Infinity:undefined:undefined:undefined:undefined":3,"s:55:2:57:Infinity":17,"s:56:4:56:Infinity":18,"s:58:2:58:Infinity":19,"f:61:9:61:24":8,"s:62:14:62:Infinity":20,"s:63:12:63:Infinity":21,"s:64:12:64:Infinity":22,"s:65:12:65:Infinity":23,"s:66:2:66:Infinity":24,"f:69:9:69:21":9,"s:70:14:70:Infinity":25,"b:71:2:73:Infinity:undefined:undefined:undefined:undefined":4,"s:71:2:73:Infinity":26,"s:72:4:72:Infinity":27,"s:74:2:74:Infinity":28,"f:77:9:77:22":10,"s:78:12:78:Infinity":29,"s:79:12:79:Infinity":30,"s:80:12:80:Infinity":31,"s:81:2:81:Infinity":32}}}
,"/Users/liadzigdon/Documents/Projects/clock-hash/src/WorldClocksBar.jsx": {"path":"/Users/liadzigdon/Documents/Projects/clock-hash/src/WorldClocksBar.jsx","statementMap":{"0":{"start":{"line":5,"column":2},"end":{"line":50,"column":null}},"1":{"start":{"line":14,"column":25},"end":{"line":14,"column":null}},"2":{"start":{"line":15,"column":8},"end":{"line":47,"column":null}},"3":{"start":{"line":23,"column":27},"end":{"line":23,"column":null}},"4":{"start":{"line":25,"column":14},"end":{"line":28,"column":null}},"5":{"start":{"line":26,"column":16},"end":{"line":26,"column":null}},"6":{"start":{"line":27,"column":16},"end":{"line":27,"column":null}}},"fnMap":{"0":{"name":"WorldClocksBar","decl":{"start":{"line":4,"column":9},"end":{"line":4,"column":24}},"loc":{"start":{"line":4,"column":68},"end":{"line":52,"column":null}},"line":4},"1":{"name":"(anonymous_1)","decl":{"start":{"line":13,"column":21},"end":{"line":13,"column":22}},"loc":{"start":{"line":13,"column":29},"end":{"line":49,"column":7}},"line":13},"2":{"name":"(anonymous_2)","decl":{"start":{"line":23,"column":21},"end":{"line":23,"column":27}},"loc":{"start":{"line":23,"column":27},"end":{"line":23,"column":null}},"line":23},"3":{"name":"(anonymous_3)","decl":{"start":{"line":24,"column":23},"end":{"line":24,"column":24}},"loc":{"start":{"line":24,"column":30},"end":{"line":29,"column":null}},"line":24}},"branchMap":{"0":{"loc":{"start":{"line":4,"column":52},"end":{"line":4,"column":65}},"type":"default-arg","locations":[{"start":{"line":4,"column":60},"end":{"line":4,"column":65}}],"line":4},"1":{"loc":{"start":{"line":25,"column":14},"end":{"line":28,"column":null}},"type":"if","locations":[{"start":{"line":25,"column":14},"end":{"line":28,"column":null}},{"start":{},"end":{}}],"line":25},"2":{"loc":{"start":{"line":25,"column":18},"end":{"line":25,"column":54}},"type":"binary-expr","locations":[{"start":{"line":25,"column":18},"end":{"line":25,"column":39}},{"start":{"line":25,"column":39},"end":{"line":25,"column":54}}],"line":25},"3":{"loc":{"start":{"line":31,"column":31},"end":{"line":33,"column":null}},"type":"cond-expr","locations":[{"start":{"line":32,"column":18},"end":{"line":32,"column":null}},{"start":{"line":33,"column":18},"end":{"line":33,"column":null}}],"line":31},"4":{"loc":{"start":{"line":39,"column":22},"end":{"line":39,"column":null}},"type":"cond-expr","locations":[{"start":{"line":39,"column":33},"end":{"line":39,"column":69}},{"start":{"line":39,"column":69},"end":{"line":39,"column":null}}],"line":39},"5":{"loc":{"start":{"line":45,"column":15},"end":{"line":45,"column":null}},"type":"cond-expr","locations":[{"start":{"line":45,"column":15},"end":{"line":45,"column":53}},{"start":{"line":45,"column":49},"end":{"line":45,"column":null}}],"line":45}},"s":{"0":33,"1":165,"2":165,"3":7,"4":1,"5":1,"6":1},"f":{"0":33,"1":165,"2":7,"3":1},"b":{"0":[33],"1":[1,0],"2":[1,0],"3":[7,158],"4":[7,158],"5":[145,20]},"meta":{"lastBranch":6,"lastFunction":4,"lastStatement":7,"seen":{"f:4:9:4:24":0,"b:4:60:4:65":0,"s:5:2:50:Infinity":0,"f:13:21:13:22":1,"s:14:25:14:Infinity":1,"s:15:8:47:Infinity":2,"f:23:21:23:27":2,"s:23:27:23:Infinity":3,"f:24:23:24:24":3,"b:25:14:28:Infinity:undefined:undefined:undefined:undefined":1,"s:25:14:28:Infinity":4,"b:25:18:25:39:25:39:25:54":2,"s:26:16:26:Infinity":5,"s:27:16:27:Infinity":6,"b:32:18:32:Infinity:33:18:33:Infinity":3,"b:39:33:39:69:39:69:39:Infinity":4,"b:45:15:45:53:45:49:45:Infinity":5}}}
,"/Users/liadzigdon/Documents/Projects/clock-hash/src/timezones.js": {"path":"/Users/liadzigdon/Documents/Projects/clock-hash/src/timezones.js","statementMap":{"0":{"start":{"line":1,"column":25},"end":{"line":7,"column":null}},"1":{"start":{"line":9,"column":23},"end":{"line":9,"column":null}},"2":{"start":{"line":12,"column":2},"end":{"line":20,"column":null}},"3":{"start":{"line":13,"column":4},"end":{"line":19,"column":null}},"4":{"start":{"line":21,"column":2},"end":{"line":21,"column":null}},"5":{"start":{"line":25,"column":2},"end":{"line":31,"column":null}},"6":{"start":{"line":26,"column":16},"end":{"line":26,"column":null}},"7":{"start":{"line":27,"column":22},"end":{"line":27,"column":null}},"8":{"start":{"line":28,"column":4},"end":{"line":28,"column":null}},"9":{"start":{"line":30,"column":4},"end":{"line":30,"column":null}}},"fnMap":{"0":{"name":"getFormatter","decl":{"start":{"line":11,"column":9},"end":{"line":11,"column":21}},"loc":{"start":{"line":11,"column":28},"end":{"line":22,"column":null}},"line":11},"1":{"name":"getTimeForTimezone","decl":{"start":{"line":24,"column":16},"end":{"line":24,"column":34}},"loc":{"start":{"line":24,"column":41},"end":{"line":32,"column":null}},"line":24}},"branchMap":{"0":{"loc":{"start":{"line":12,"column":2},"end":{"line":20,"column":null}},"type":"if","locations":[{"start":{"line":12,"column":2},"end":{"line":20,"column":null}},{"start":{},"end":{}}],"line":12}},"s":{"0":3,"1":3,"2":176,"3":14,"4":175,"5":176,"6":176,"7":176,"8":176,"9":1},"f":{"0":176,"1":176},"b":{"0":[14,162]},"meta":{"lastBranch":1,"lastFunction":2,"lastStatement":10,"seen":{"s:1:25:7:Infinity":0,"s:9:23:9:Infinity":1,"f:11:9:11:21":0,"b:12:2:20:Infinity:undefined:undefined:undefined:undefined":0,"s:12:2:20:Infinity":2,"s:13:4:19:Infinity":3,"s:21:2:21:Infinity":4,"f:24:16:24:34":1,"s:25:2:31:Infinity":5,"s:26:16:26:Infinity":6,"s:27:22:27:Infinity":7,"s:28:4:28:Infinity":8,"s:30:4:30:Infinity":9}}}
,"/Users/liadzigdon/Documents/Projects/clock-hash/src/components/TimeFormatToggle.jsx": {"path":"/Users/liadzigdon/Documents/Projects/clock-hash/src/components/TimeFormatToggle.jsx","statementMap":{"0":{"start":{"line":2,"column":2},"end":{"line":25,"column":null}},"1":{"start":{"line":8,"column":8},"end":{"line":8,"column":null}},"2":{"start":{"line":8,"column":31},"end":{"line":8,"column":null}}},"fnMap":{"0":{"name":"TimeFormatToggle","decl":{"start":{"line":1,"column":9},"end":{"line":1,"column":26}},"loc":{"start":{"line":1,"column":47},"end":{"line":27,"column":null}},"line":1},"1":{"name":"(anonymous_1)","decl":{"start":{"line":7,"column":17},"end":{"line":7,"column":18}},"loc":{"start":{"line":7,"column":24},"end":{"line":9,"column":null}},"line":7}},"branchMap":{"0":{"loc":{"start":{"line":8,"column":8},"end":{"line":8,"column":null}},"type":"if","locations":[{"start":{"line":8,"column":8},"end":{"line":8,"column":null}},{"start":{},"end":{}}],"line":8},"1":{"loc":{"start":{"line":24,"column":7},"end":{"line":24,"column":null}},"type":"cond-expr","locations":[{"start":{"line":24,"column":15},"end":{"line":24,"column":23}},{"start":{"line":24,"column":23},"end":{"line":24,"column":null}}],"line":24}},"s":{"0":28,"1":1,"2":1},"f":{"0":28,"1":1},"b":{"0":[1,0],"1":[23,5]},"meta":{"lastBranch":2,"lastFunction":2,"lastStatement":3,"seen":{"f:1:9:1:26":0,"s:2:2:25:Infinity":0,"f:7:17:7:18":1,"b:8:8:8:Infinity:undefined:undefined:undefined:undefined":0,"s:8:8:8:Infinity":1,"s:8:31:8:Infinity":2,"b:24:15:24:23:24:23:24:Infinity":1}}}
,"/Users/liadzigdon/Documents/Projects/clock-hash/src/hooks/useTimeFormat.js": {"path":"/Users/liadzigdon/Documents/Projects/clock-hash/src/hooks/useTimeFormat.js","statementMap":{"0":{"start":{"line":10,"column":29},"end":{"line":10,"column":null}},"1":{"start":{"line":12,"column":16},"end":{"line":18,"column":null}},"2":{"start":{"line":13,"column":4},"end":{"line":17,"column":null}},"3":{"start":{"line":14,"column":19},"end":{"line":14,"column":null}},"4":{"start":{"line":15,"column":5},"end":{"line":15,"column":null}},"5":{"start":{"line":16,"column":6},"end":{"line":16,"column":null}},"6":{"start":{"line":20,"column":2},"end":{"line":20,"column":null}}},"fnMap":{"0":{"name":"useTimeFormat","decl":{"start":{"line":9,"column":16},"end":{"line":9,"column":29}},"loc":{"start":{"line":9,"column":32},"end":{"line":21,"column":null}},"line":9},"1":{"name":"(anonymous_1)","decl":{"start":{"line":12,"column":29},"end":{"line":12,"column":30}},"loc":{"start":{"line":12,"column":35},"end":{"line":18,"column":3}},"line":12},"2":{"name":"(anonymous_2)","decl":{"start":{"line":13,"column":14},"end":{"line":13,"column":15}},"loc":{"start":{"line":13,"column":24},"end":{"line":17,"column":5}},"line":13}},"branchMap":{"0":{"loc":{"start":{"line":14,"column":19},"end":{"line":14,"column":null}},"type":"cond-expr","locations":[{"start":{"line":14,"column":41},"end":{"line":14,"column":51}},{"start":{"line":14,"column":54},"end":{"line":14,"column":null}}],"line":14}},"s":{"0":30,"1":30,"2":7,"3":7,"4":7,"5":7,"6":30},"f":{"0":30,"1":7,"2":7},"b":{"0":[6,1]},"meta":{"lastBranch":1,"lastFunction":3,"lastStatement":7,"seen":{"f:9:16:9:29":0,"s:10:29:10:Infinity":0,"s:12:16:18:Infinity":1,"f:12:29:12:30":1,"s:13:4:17:Infinity":2,"f:13:14:13:15":2,"s:14:19:14:Infinity":3,"b:14:41:14:51:14:54:14:Infinity":0,"s:15:5:15:Infinity":4,"s:16:6:16:Infinity":5,"s:20:2:20:Infinity":6}}}
,"/Users/liadzigdon/Documents/Projects/clock-hash/src/utils/timeFormat.js": {"path":"/Users/liadzigdon/Documents/Projects/clock-hash/src/utils/timeFormat.js","statementMap":{"0":{"start":{"line":1,"column":20},"end":{"line":1,"column":null}},"1":{"start":{"line":2,"column":19},"end":{"line":2,"column":null}},"2":{"start":{"line":3,"column":19},"end":{"line":3,"column":null}},"3":{"start":{"line":8,"column":20},"end":{"line":8,"column":null}},"4":{"start":{"line":9,"column":17},"end":{"line":9,"column":null}},"5":{"start":{"line":10,"column":17},"end":{"line":10,"column":null}},"6":{"start":{"line":11,"column":2},"end":{"line":11,"column":null}},"7":{"start":{"line":15,"column":2},"end":{"line":20,"column":null}},"8":{"start":{"line":16,"column":19},"end":{"line":16,"column":null}},"9":{"start":{"line":17,"column":4},"end":{"line":17,"column":null}},"10":{"start":{"line":19,"column":4},"end":{"line":19,"column":null}},"11":{"start":{"line":24,"column":2},"end":{"line":28,"column":null}},"12":{"start":{"line":25,"column":4},"end":{"line":25,"column":null}}},"fnMap":{"0":{"name":"convertTo12Hour","decl":{"start":{"line":7,"column":16},"end":{"line":7,"column":31}},"loc":{"start":{"line":7,"column":41},"end":{"line":12,"column":null}},"line":7},"1":{"name":"loadTimeFormat","decl":{"start":{"line":14,"column":16},"end":{"line":14,"column":30}},"loc":{"start":{"line":14,"column":33},"end":{"line":21,"column":null}},"line":14},"2":{"name":"saveTimeFormat","decl":{"start":{"line":23,"column":16},"end":{"line":23,"column":30}},"loc":{"start":{"line":23,"column":39},"end":{"line":29,"column":null}},"line":23}},"branchMap":{"0":{"loc":{"start":{"line":10,"column":17},"end":{"line":10,"column":null}},"type":"binary-expr","locations":[{"start":{"line":10,"column":17},"end":{"line":10,"column":28}},{"start":{"line":10,"column":32},"end":{"line":10,"column":null}}],"line":10},"1":{"loc":{"start":{"line":17,"column":11},"end":{"line":17,"column":null}},"type":"cond-expr","locations":[{"start":{"line":17,"column":35},"end":{"line":17,"column":45}},{"start":{"line":17,"column":48},"end":{"line":17,"column":null}}],"line":17}},"s":{"0":4,"1":4,"2":4,"3":30,"4":30,"5":30,"6":30,"7":21,"8":21,"9":21,"10":0,"11":8,"12":8},"f":{"0":30,"1":21,"2":8},"b":{"0":[30,10],"1":[2,19]},"meta":{"lastBranch":2,"lastFunction":3,"lastStatement":13,"seen":{"s:1:20:1:Infinity":0,"s:2:19:2:Infinity":1,"s:3:19:3:Infinity":2,"f:7:16:7:31":0,"s:8:20:8:Infinity":3,"s:9:17:9:Infinity":4,"s:10:17:10:Infinity":5,"b:10:17:10:28:10:32:10:Infinity":0,"s:11:2:11:Infinity":6,"f:14:16:14:30":1,"s:15:2:20:Infinity":7,"s:16:19:16:Infinity":8,"s:17:4:17:Infinity":9,"b:17:35:17:45:17:48:17:Infinity":1,"s:19:4:19:Infinity":10,"f:23:16:23:30":2,"s:24:2:28:Infinity":11,"s:25:4:25:Infinity":12}}}
}
